Using pre-set license
Built from '2020.3/staging' branch; Version is '2020.3.10f1 (297d780c91bc) revision 2719096'; Using compiler version '192528614'; Build Type 'Release'
OS: 'Windows 10 Pro; OS build 19044.2486; Version 2009; 64bit' Language: 'en' Physical Memory: 15741 MB
BatchMode: 1, IsHumanControllingUs: 0, StartBugReporterOnCrash: 0, Is64bit: 1, IsPro: 0

 COMMAND LINE ARGUMENTS:
C:\Program Files\Unity\Hub\Editor\2020.3.10f1\Editor\Unity.exe
-adb2
-batchMode
-noUpm
-name
AssetImportWorker0
-projectPath
C:/Users/MatejLaptop/Documents/Unity Projects/Endless Runner
-logFile
Logs/AssetImportWorker0.log
-srvPort
3139
Successfully changed project path to: C:/Users/MatejLaptop/Documents/Unity Projects/Endless Runner
C:/Users/MatejLaptop/Documents/Unity Projects/Endless Runner
Using Asset Import Pipeline V2.
Refreshing native plugins compatible for Editor in 47.61 ms, found 2 plugins.
Preloading 0 native plugins for Editor in 0.00 ms.
Initialize engine version: 2020.3.10f1 (297d780c91bc)
[Subsystems] Discovering subsystems at path C:/Program Files/Unity/Hub/Editor/2020.3.10f1/Editor/Data/Resources/UnitySubsystems
[Subsystems] Discovering subsystems at path C:/Users/MatejLaptop/Documents/Unity Projects/Endless Runner/Assets
GfxDevice: creating device client; threaded=0
Direct3D:
    Version:  Direct3D 11.0 [level 11.1]
    Renderer: NVIDIA GeForce GTX 1650 Ti (ID=0x1f95)
    Vendor:   
    VRAM:     3962 MB
    Driver:   31.0.15.1601
Initialize mono
Mono path[0] = 'C:/Program Files/Unity/Hub/Editor/2020.3.10f1/Editor/Data/Managed'
Mono path[1] = 'C:/Program Files/Unity/Hub/Editor/2020.3.10f1/Editor/Data/MonoBleedingEdge/lib/mono/unityjit'
Mono config path = 'C:/Program Files/Unity/Hub/Editor/2020.3.10f1/Editor/Data/MonoBleedingEdge/etc'
Using monoOptions --debugger-agent=transport=dt_socket,embedding=1,server=y,suspend=n,address=127.0.0.1:56804
Begin MonoManager ReloadAssembly
Registering precompiled unity dll's ...
Register platform support module: C:/Program Files/Unity/Hub/Editor/2020.3.10f1/Editor/Data/PlaybackEngines/WindowsStandaloneSupport/UnityEditor.WindowsStandalone.Extensions.dll
Registered in 0.002206 seconds.
Native extension for WindowsStandalone target not found
Refreshing native plugins compatible for Editor in 44.89 ms, found 2 plugins.
Preloading 0 native plugins for Editor in 0.00 ms.
Mono: successfully reloaded assembly
- Completed reload, in  1.477 seconds
Platform modules already initialized, skipping
Registering precompiled user dll's ...
Registered in 0.005093 seconds.
Begin MonoManager ReloadAssembly
Native extension for WindowsStandalone target not found
Refreshing native plugins compatible for Editor in 0.42 ms, found 2 plugins.
Preloading 0 native plugins for Editor in 0.00 ms.
Mono: successfully reloaded assembly
- Completed reload, in  1.420 seconds
Platform modules already initialized, skipping
========================================================================
Worker process is ready to serve import requests
Launched and connected shader compiler UnityShaderCompiler.exe after 0.06 seconds
Refreshing native plugins compatible for Editor in 0.46 ms, found 2 plugins.
Preloading 0 native plugins for Editor in 0.00 ms.
Unloading 1393 Unused Serialized files (Serialized files now loaded: 0)
System memory in use before: 65.0 MB.
System memory in use after: 65.1 MB.

Unloading 19 unused Assets to reduce memory usage. Loaded Objects now: 1828.
Total: 2.458200 ms (FindLiveObjects: 0.188100 ms CreateObjectMapping: 0.048800 ms MarkObjects: 2.115300 ms  DeleteObjects: 0.104200 ms)

========================================================================
Received Import Request.
  path: Assets/Scripts/CameraManager.cs
  artifactKey: Guid(eda273fd54a62304e9667c061084f62c) Importer(815301076,1909f56bfc062723c751e8b465ee728b)
Start importing Assets/Scripts/CameraManager.cs using Guid(eda273fd54a62304e9667c061084f62c) Importer(815301076,1909f56bfc062723c751e8b465ee728b)  -> (artifact id: '997ef4aa4ab3f789d60edfa81b374d14') in 0.042057 seconds
  Import took 0.045123 seconds .

========================================================================
Received Import Request.
  Time since last request: 0.472551 seconds.
  path: Assets/Scripts/Coin.cs
  artifactKey: Guid(974468ecd7217364d87ed655fe0bff93) Importer(815301076,1909f56bfc062723c751e8b465ee728b)
Start importing Assets/Scripts/Coin.cs using Guid(974468ecd7217364d87ed655fe0bff93) Importer(815301076,1909f56bfc062723c751e8b465ee728b)  -> (artifact id: '2e167bcd7ec9668ec72284e211de42a2') in 0.009000 seconds
  Import took 0.013630 seconds .

========================================================================
Received Import Request.
  Time since last request: 4.521081 seconds.
  path: Assets/Scripts/Events.cs
  artifactKey: Guid(b0a669612d3ec0a42b100895281001dd) Importer(815301076,1909f56bfc062723c751e8b465ee728b)
Start importing Assets/Scripts/Events.cs using Guid(b0a669612d3ec0a42b100895281001dd) Importer(815301076,1909f56bfc062723c751e8b465ee728b)  -> (artifact id: '1c5f8a697d11cabea2ecd04e4fa9a3df') in 0.021932 seconds
  Import took 0.026968 seconds .

========================================================================
Received Import Request.
  Time since last request: 11.130152 seconds.
  path: Assets/Scripts/PlayerController.cs
  artifactKey: Guid(22560b96402af04408940627d58c0186) Importer(815301076,1909f56bfc062723c751e8b465ee728b)
Start importing Assets/Scripts/PlayerController.cs using Guid(22560b96402af04408940627d58c0186) Importer(815301076,1909f56bfc062723c751e8b465ee728b)  -> (artifact id: '77e3518d542a55349736b5712328945f') in 0.007287 seconds
  Import took 0.010282 seconds .

========================================================================
Received Import Request.
  Time since last request: 40.717163 seconds.
  path: Assets/Scripts/PlayerManager.cs
  artifactKey: Guid(eb18be6fdf0589742b706dbc6b2bbc44) Importer(815301076,1909f56bfc062723c751e8b465ee728b)
Start importing Assets/Scripts/PlayerManager.cs using Guid(eb18be6fdf0589742b706dbc6b2bbc44) Importer(815301076,1909f56bfc062723c751e8b465ee728b)  -> (artifact id: '3e2af8d5d7abcdbdef770d6b409e19ef') in 0.026833 seconds
  Import took 0.031608 seconds .

========================================================================
Received Import Request.
  Time since last request: 7.748609 seconds.
  path: Assets/Scripts/TileManager.cs
  artifactKey: Guid(8a168edd088cd7144af573b057da7ca8) Importer(815301076,1909f56bfc062723c751e8b465ee728b)
Start importing Assets/Scripts/TileManager.cs using Guid(8a168edd088cd7144af573b057da7ca8) Importer(815301076,1909f56bfc062723c751e8b465ee728b)  -> (artifact id: '74d8558bb16ca6e4c6d0490d013f2598') in 0.022934 seconds
  Import took 0.027543 seconds .

========================================================================
Received Import Request.
  Time since last request: 0.017803 seconds.
  path: Assets/Scripts/TileManager.cs
  artifactKey: Guid(8a168edd088cd7144af573b057da7ca8) Importer(815301076,1909f56bfc062723c751e8b465ee728b)
Start importing Assets/Scripts/TileManager.cs using Guid(8a168edd088cd7144af573b057da7ca8) Importer(815301076,1909f56bfc062723c751e8b465ee728b)  -> (artifact id: '74d8558bb16ca6e4c6d0490d013f2598') in 0.003661 seconds
  Import took 0.008491 seconds .

========================================================================
Received Import Request.
  Time since last request: 279.262789 seconds.
  path: Assets/Materials/Gold.mat
  artifactKey: Guid(a8de75129a6f627458aafac6309265d9) Importer(815301076,1909f56bfc062723c751e8b465ee728b)
Start importing Assets/Materials/Gold.mat using Guid(a8de75129a6f627458aafac6309265d9) Importer(815301076,1909f56bfc062723c751e8b465ee728b)  -> (artifact id: '19cf3bc103c0265168bca76dab9a94a3') in 0.132181 seconds
  Import took 0.135886 seconds .

========================================================================
Received Prepare
Registering precompiled user dll's ...
Registered in 0.006088 seconds.
Begin MonoManager ReloadAssembly
Native extension for WindowsStandalone target not found
Refreshing native plugins compatible for Editor in 0.41 ms, found 2 plugins.
Preloading 0 native plugins for Editor in 0.00 ms.
Mono: successfully reloaded assembly
- Completed reload, in  1.320 seconds
Platform modules already initialized, skipping
Refreshing native plugins compatible for Editor in 0.46 ms, found 2 plugins.
Preloading 0 native plugins for Editor in 0.00 ms.
Unloading 1388 Unused Serialized files (Serialized files now loaded: 0)
System memory in use before: 68.3 MB.
System memory in use after: 68.4 MB.

Unloading 14 unused Assets to reduce memory usage. Loaded Objects now: 1871.
Total: 2.844900 ms (FindLiveObjects: 0.248700 ms CreateObjectMapping: 0.080000 ms MarkObjects: 2.443500 ms  DeleteObjects: 0.070500 ms)

========================================================================
Received Prepare
Registering precompiled user dll's ...
Registered in 0.007091 seconds.
Begin MonoManager ReloadAssembly
Native extension for WindowsStandalone target not found
Refreshing native plugins compatible for Editor in 0.99 ms, found 2 plugins.
Preloading 0 native plugins for Editor in 0.00 ms.
Mono: successfully reloaded assembly
- Completed reload, in  1.556 seconds
Platform modules already initialized, skipping
Refreshing native plugins compatible for Editor in 0.42 ms, found 2 plugins.
Preloading 0 native plugins for Editor in 0.00 ms.
Unloading 1388 Unused Serialized files (Serialized files now loaded: 0)
System memory in use before: 68.3 MB.
System memory in use after: 68.4 MB.

Unloading 14 unused Assets to reduce memory usage. Loaded Objects now: 1874.
Total: 2.740400 ms (FindLiveObjects: 0.232500 ms CreateObjectMapping: 0.061200 ms MarkObjects: 2.363400 ms  DeleteObjects: 0.081200 ms)

========================================================================
Received Import Request.
  Time since last request: 1277.441314 seconds.
  path: Assets/Materials/Zaba.mat
  artifactKey: Guid(5307f427bbbb09e4686ef79500761404) Importer(815301076,1909f56bfc062723c751e8b465ee728b)
Start importing Assets/Materials/Zaba.mat using Guid(5307f427bbbb09e4686ef79500761404) Importer(815301076,1909f56bfc062723c751e8b465ee728b)  -> (artifact id: '259aa2edb2d2d6f6198a6585f6c362cf') in 0.095607 seconds
  Import took 0.099714 seconds .

========================================================================
Received Import Request.
  Time since last request: 24.788342 seconds.
  path: Assets/Prefabs/Cylinder.prefab
  artifactKey: Guid(587ab1b6922f6c342b936cf14d2ddddb) Importer(815301076,1909f56bfc062723c751e8b465ee728b)
Start importing Assets/Prefabs/Cylinder.prefab using Guid(587ab1b6922f6c342b936cf14d2ddddb) Importer(815301076,1909f56bfc062723c751e8b465ee728b)  -> (artifact id: 'be9ca02f6e9877fba13114d32859ebd4') in 0.043259 seconds
  Import took 0.048082 seconds .

========================================================================
Received Import Request.
  Time since last request: 0.066647 seconds.
  path: Assets/Prefabs/Cylinder.prefab
  artifactKey: Guid(587ab1b6922f6c342b936cf14d2ddddb) Importer(815301076,1909f56bfc062723c751e8b465ee728b)
Start importing Assets/Prefabs/Cylinder.prefab using Guid(587ab1b6922f6c342b936cf14d2ddddb) Importer(815301076,1909f56bfc062723c751e8b465ee728b)  -> (artifact id: 'be9ca02f6e9877fba13114d32859ebd4') in 0.017260 seconds
  Import took 0.021896 seconds .

========================================================================
Received Prepare
Registering precompiled user dll's ...
Registered in 0.004590 seconds.
Begin MonoManager ReloadAssembly
Native extension for WindowsStandalone target not found
Refreshing native plugins compatible for Editor in 0.42 ms, found 2 plugins.
Preloading 0 native plugins for Editor in 0.00 ms.
Mono: successfully reloaded assembly
- Completed reload, in  1.309 seconds
Platform modules already initialized, skipping
Refreshing native plugins compatible for Editor in 0.48 ms, found 2 plugins.
Preloading 0 native plugins for Editor in 0.00 ms.
Unloading 1388 Unused Serialized files (Serialized files now loaded: 0)
System memory in use before: 68.4 MB.
System memory in use after: 68.4 MB.

Unloading 14 unused Assets to reduce memory usage. Loaded Objects now: 1879.
Total: 2.693800 ms (FindLiveObjects: 0.212100 ms CreateObjectMapping: 0.063800 ms MarkObjects: 2.343200 ms  DeleteObjects: 0.072700 ms)

========================================================================
Received Import Request.
  Time since last request: 107.278880 seconds.
  path: Assets/Prefabs/Cylinder.prefab
  artifactKey: Guid(587ab1b6922f6c342b936cf14d2ddddb) Importer(815301076,1909f56bfc062723c751e8b465ee728b)
Start importing Assets/Prefabs/Cylinder.prefab using Guid(587ab1b6922f6c342b936cf14d2ddddb) Importer(815301076,1909f56bfc062723c751e8b465ee728b)  -> (artifact id: 'ee695b9616274ef23357f8cfc7ec901a') in 0.070702 seconds
  Import took 0.074373 seconds .

========================================================================
Received Prepare
Registering precompiled user dll's ...
Registered in 0.006565 seconds.
Begin MonoManager ReloadAssembly
Native extension for WindowsStandalone target not found
Refreshing native plugins compatible for Editor in 0.43 ms, found 2 plugins.
Preloading 0 native plugins for Editor in 0.00 ms.
Mono: successfully reloaded assembly
- Completed reload, in  1.295 seconds
Platform modules already initialized, skipping
Refreshing native plugins compatible for Editor in 0.49 ms, found 2 plugins.
Preloading 0 native plugins for Editor in 0.00 ms.
Unloading 1388 Unused Serialized files (Serialized files now loaded: 0)
System memory in use before: 68.4 MB.
System memory in use after: 68.5 MB.

Unloading 14 unused Assets to reduce memory usage. Loaded Objects now: 1883.
Total: 2.961100 ms (FindLiveObjects: 0.247000 ms CreateObjectMapping: 0.079000 ms MarkObjects: 2.559500 ms  DeleteObjects: 0.073700 ms)

========================================================================
Received Import Request.
  Time since last request: 43.385208 seconds.
  path: Assets/Prefabs/Cylinder.prefab
  artifactKey: Guid(587ab1b6922f6c342b936cf14d2ddddb) Importer(815301076,1909f56bfc062723c751e8b465ee728b)
Start importing Assets/Prefabs/Cylinder.prefab using Guid(587ab1b6922f6c342b936cf14d2ddddb) Importer(815301076,1909f56bfc062723c751e8b465ee728b)  -> (artifact id: 'f2ac56cbec9792d6b551f4146b896b50') in 0.074634 seconds
  Import took 0.077895 seconds .

========================================================================
Received Prepare
Registering precompiled user dll's ...
Registered in 0.005616 seconds.
Begin MonoManager ReloadAssembly
Native extension for WindowsStandalone target not found
Refreshing native plugins compatible for Editor in 0.58 ms, found 2 plugins.
Preloading 0 native plugins for Editor in 0.00 ms.
Mono: successfully reloaded assembly
- Completed reload, in  1.411 seconds
Platform modules already initialized, skipping
Refreshing native plugins compatible for Editor in 0.49 ms, found 2 plugins.
Preloading 0 native plugins for Editor in 0.00 ms.
Unloading 1388 Unused Serialized files (Serialized files now loaded: 0)
System memory in use before: 68.4 MB.
System memory in use after: 68.5 MB.

Unloading 14 unused Assets to reduce memory usage. Loaded Objects now: 1887.
Total: 2.935900 ms (FindLiveObjects: 0.265100 ms CreateObjectMapping: 0.081700 ms MarkObjects: 2.514600 ms  DeleteObjects: 0.072700 ms)

AssetImportWorkerClient::OnTransportError - code=2 error=End of file
